2020-11-05 11:05:14.910  INFO 7488 --- [main] tn.esprit.spring.ContratTest             : Starting ContratTest on DESKTOP-M6N7GPT with PID 7488 (started by HP in C:\Users\HP\Desktop\wizybizy\integration_continue)
2020-11-05 11:05:14.934  INFO 7488 --- [main] tn.esprit.spring.ContratTest             : No active profile set, falling back to default profiles: default
2020-11-05 11:05:16.119  INFO 7488 --- [main] .s.d.r.c.RepositoryConfigurationDelegate : Bootstrapping Spring Data repositories in DEFAULT mode.
2020-11-05 11:05:16.286  INFO 7488 --- [main] .s.d.r.c.RepositoryConfigurationDelegate : Finished Spring Data repository scanning in 137ms. Found 6 repository interfaces.
2020-11-05 11:05:17.050  INFO 7488 --- [main] trationDelegate$BeanPostProcessorChecker : Bean 'org.springframework.transaction.annotation.ProxyTransactionManagementConfiguration' of type [org.springframework.transaction.annotation.ProxyTransactionManagementConfiguration$$EnhancerBySpringCGLIB$$3d2c2458] is not eligible for getting processed by all BeanPostProcessors (for example: not eligible for auto-proxying)
2020-11-05 11:05:17.528  INFO 7488 --- [main] com.zaxxer.hikari.HikariDataSource       : HikariPool-1 - Starting...
2020-11-05 11:05:17.940  INFO 7488 --- [main] com.zaxxer.hikari.HikariDataSource       : HikariPool-1 - Start completed.
2020-11-05 11:05:18.107  INFO 7488 --- [main] o.hibernate.jpa.internal.util.LogHelper  : HHH000204: Processing PersistenceUnitInfo [
	name: default
	...]
2020-11-05 11:05:18.206  INFO 7488 --- [main] org.hibernate.Version                    : HHH000412: Hibernate Core {5.3.9.Final}
2020-11-05 11:05:18.206  INFO 7488 --- [main] org.hibernate.cfg.Environment            : HHH000206: hibernate.properties not found
2020-11-05 11:05:18.468  INFO 7488 --- [main] o.hibernate.annotations.common.Version   : HCANN000001: Hibernate Commons Annotations {5.0.4.Final}
2020-11-05 11:05:19.160  INFO 7488 --- [main] org.hibernate.dialect.Dialect            : HHH000400: Using dialect: org.hibernate.dialect.MySQL5Dialect
2020-11-05 11:05:22.118  INFO 7488 --- [main] j.LocalContainerEntityManagerFactoryBean : Initialized JPA EntityManagerFactory for persistence unit 'default'
2020-11-05 11:05:22.827  INFO 7488 --- [main] o.h.h.i.QueryTranslatorFactoryInitiator  : HHH000397: Using ASTQueryTranslatorFactory
2020-11-05 11:05:25.326  INFO 7488 --- [main] o.s.s.concurrent.ThreadPoolTaskExecutor  : Initializing ExecutorService 'applicationTaskExecutor'
2020-11-05 11:05:25.446  WARN 7488 --- [main] aWebConfiguration$JpaWebMvcConfiguration : spring.jpa.open-in-view is enabled by default. Therefore, database queries may be performed during view rendering. Explicitly configure spring.jpa.open-in-view to disable this warning
2020-11-05 11:05:26.368  INFO 7488 --- [main] tn.esprit.spring.ContratTest             : Started ContratTest in 11.99 seconds (JVM running for 13.482)
2020-11-05 11:05:26.896  INFO 7488 --- [main] t.e.spring.services.EmployeServiceImpl   : in function deleteAllContratJPQL()
2020-11-05 11:05:27.222  INFO 7488 --- [main] t.e.spring.services.EmployeServiceImpl   : out of deleteAllContratJPQL()
2020-11-05 11:05:27.229  INFO 7488 --- [main] t.e.spring.services.EmployeServiceImpl   : in function deleteContratById
2020-11-05 11:05:27.380  INFO 7488 --- [main] t.e.spring.services.EmployeServiceImpl   : in function affecterContratAEmploye
2020-11-05 11:05:27.396  INFO 7488 --- [main] t.e.spring.services.EmployeServiceImpl   : in function ajouterContrat
2020-11-05 11:05:27.486  INFO 7488 --- [main] t.e.spring.services.EmployeServiceImpl   : out of ajouterContrat
2020-11-05 11:05:27.531  INFO 7488 --- [Thread-2] o.s.s.concurrent.ThreadPoolTaskExecutor  : Shutting down ExecutorService 'applicationTaskExecutor'
2020-11-05 11:05:27.535  INFO 7488 --- [Thread-2] j.LocalContainerEntityManagerFactoryBean : Closing JPA EntityManagerFactory for persistence unit 'default'
2020-11-05 11:05:27.540  INFO 7488 --- [Thread-2] com.zaxxer.hikari.HikariDataSource       : HikariPool-1 - Shutdown initiated...
2020-11-05 11:05:27.552  INFO 7488 --- [Thread-2] com.zaxxer.hikari.HikariDataSource       : HikariPool-1 - Shutdown completed.
2020-11-05 11:07:25.247  INFO 10352 --- [main] tn.esprit.spring.ContratTest             : Starting ContratTest on DESKTOP-M6N7GPT with PID 10352 (started by HP in C:\Users\HP\Desktop\wizybizy\integration_continue)
2020-11-05 11:07:25.251  INFO 10352 --- [main] tn.esprit.spring.ContratTest             : No active profile set, falling back to default profiles: default
2020-11-05 11:07:26.422  INFO 10352 --- [main] .s.d.r.c.RepositoryConfigurationDelegate : Bootstrapping Spring Data repositories in DEFAULT mode.
2020-11-05 11:07:26.559  INFO 10352 --- [main] .s.d.r.c.RepositoryConfigurationDelegate : Finished Spring Data repository scanning in 123ms. Found 6 repository interfaces.
2020-11-05 11:07:27.117  INFO 10352 --- [main] trationDelegate$BeanPostProcessorChecker : Bean 'org.springframework.transaction.annotation.ProxyTransactionManagementConfiguration' of type [org.springframework.transaction.annotation.ProxyTransactionManagementConfiguration$$EnhancerBySpringCGLIB$$2330cc7f] is not eligible for getting processed by all BeanPostProcessors (for example: not eligible for auto-proxying)
2020-11-05 11:07:27.460  INFO 10352 --- [main] com.zaxxer.hikari.HikariDataSource       : HikariPool-1 - Starting...
2020-11-05 11:07:27.630  INFO 10352 --- [main] com.zaxxer.hikari.HikariDataSource       : HikariPool-1 - Start completed.
2020-11-05 11:07:27.820  INFO 10352 --- [main] o.hibernate.jpa.internal.util.LogHelper  : HHH000204: Processing PersistenceUnitInfo [
	name: default
	...]
2020-11-05 11:07:27.899  INFO 10352 --- [main] org.hibernate.Version                    : HHH000412: Hibernate Core {5.3.9.Final}
2020-11-05 11:07:27.901  INFO 10352 --- [main] org.hibernate.cfg.Environment            : HHH000206: hibernate.properties not found
2020-11-05 11:07:28.088  INFO 10352 --- [main] o.hibernate.annotations.common.Version   : HCANN000001: Hibernate Commons Annotations {5.0.4.Final}
2020-11-05 11:07:28.501  INFO 10352 --- [main] org.hibernate.dialect.Dialect            : HHH000400: Using dialect: org.hibernate.dialect.MySQL5Dialect
2020-11-05 11:07:30.304  INFO 10352 --- [main] j.LocalContainerEntityManagerFactoryBean : Initialized JPA EntityManagerFactory for persistence unit 'default'
2020-11-05 11:07:30.808  INFO 10352 --- [main] o.h.h.i.QueryTranslatorFactoryInitiator  : HHH000397: Using ASTQueryTranslatorFactory
2020-11-05 11:07:32.330  INFO 10352 --- [main] o.s.s.concurrent.ThreadPoolTaskExecutor  : Initializing ExecutorService 'applicationTaskExecutor'
2020-11-05 11:07:32.410  WARN 10352 --- [main] aWebConfiguration$JpaWebMvcConfiguration : spring.jpa.open-in-view is enabled by default. Therefore, database queries may be performed during view rendering. Explicitly configure spring.jpa.open-in-view to disable this warning
2020-11-05 11:07:33.241  INFO 10352 --- [main] tn.esprit.spring.ContratTest             : Started ContratTest in 8.435 seconds (JVM running for 9.516)
2020-11-05 11:07:33.359  INFO 10352 --- [main] t.e.spring.services.EmployeServiceImpl   : in function deleteAllContratJPQL()
2020-11-05 11:07:33.461  INFO 10352 --- [main] t.e.spring.services.EmployeServiceImpl   : out of deleteAllContratJPQL()
2020-11-05 11:07:33.476  INFO 10352 --- [main] t.e.spring.services.EmployeServiceImpl   : in function deleteContratById
2020-11-05 11:07:33.611  INFO 10352 --- [main] t.e.spring.services.EmployeServiceImpl   : in function affecterContratAEmploye
2020-11-05 11:07:33.621  INFO 10352 --- [main] t.e.spring.services.EmployeServiceImpl   : in function ajouterContrat
2020-11-05 11:07:33.669  INFO 10352 --- [main] t.e.spring.services.EmployeServiceImpl   : out of ajouterContrat
2020-11-05 11:07:33.688  INFO 10352 --- [Thread-2] o.s.s.concurrent.ThreadPoolTaskExecutor  : Shutting down ExecutorService 'applicationTaskExecutor'
2020-11-05 11:07:33.693  INFO 10352 --- [Thread-2] j.LocalContainerEntityManagerFactoryBean : Closing JPA EntityManagerFactory for persistence unit 'default'
2020-11-05 11:07:33.696  INFO 10352 --- [Thread-2] com.zaxxer.hikari.HikariDataSource       : HikariPool-1 - Shutdown initiated...
2020-11-05 11:07:33.717  INFO 10352 --- [Thread-2] com.zaxxer.hikari.HikariDataSource       : HikariPool-1 - Shutdown completed.
2020-11-05 11:08:15.240  INFO 10388 --- [main] tn.esprit.spring.ContratTest             : Starting ContratTest on DESKTOP-M6N7GPT with PID 10388 (started by HP in C:\Users\HP\Desktop\wizybizy\integration_continue)
2020-11-05 11:08:15.249  INFO 10388 --- [main] tn.esprit.spring.ContratTest             : No active profile set, falling back to default profiles: default
2020-11-05 11:08:16.417  INFO 10388 --- [main] .s.d.r.c.RepositoryConfigurationDelegate : Bootstrapping Spring Data repositories in DEFAULT mode.
2020-11-05 11:08:16.570  INFO 10388 --- [main] .s.d.r.c.RepositoryConfigurationDelegate : Finished Spring Data repository scanning in 141ms. Found 6 repository interfaces.
2020-11-05 11:08:17.167  INFO 10388 --- [main] trationDelegate$BeanPostProcessorChecker : Bean 'org.springframework.transaction.annotation.ProxyTransactionManagementConfiguration' of type [org.springframework.transaction.annotation.ProxyTransactionManagementConfiguration$$EnhancerBySpringCGLIB$$1e140ec4] is not eligible for getting processed by all BeanPostProcessors (for example: not eligible for auto-proxying)
2020-11-05 11:08:17.550  INFO 10388 --- [main] com.zaxxer.hikari.HikariDataSource       : HikariPool-1 - Starting...
2020-11-05 11:08:17.737  INFO 10388 --- [main] com.zaxxer.hikari.HikariDataSource       : HikariPool-1 - Start completed.
2020-11-05 11:08:17.905  INFO 10388 --- [main] o.hibernate.jpa.internal.util.LogHelper  : HHH000204: Processing PersistenceUnitInfo [
	name: default
	...]
2020-11-05 11:08:18.023  INFO 10388 --- [main] org.hibernate.Version                    : HHH000412: Hibernate Core {5.3.9.Final}
2020-11-05 11:08:18.028  INFO 10388 --- [main] org.hibernate.cfg.Environment            : HHH000206: hibernate.properties not found
2020-11-05 11:08:18.319  INFO 10388 --- [main] o.hibernate.annotations.common.Version   : HCANN000001: Hibernate Commons Annotations {5.0.4.Final}
2020-11-05 11:08:18.710  INFO 10388 --- [main] org.hibernate.dialect.Dialect            : HHH000400: Using dialect: org.hibernate.dialect.MySQL5Dialect
2020-11-05 11:08:21.326  INFO 10388 --- [main] j.LocalContainerEntityManagerFactoryBean : Initialized JPA EntityManagerFactory for persistence unit 'default'
2020-11-05 11:08:21.819  INFO 10388 --- [main] o.h.h.i.QueryTranslatorFactoryInitiator  : HHH000397: Using ASTQueryTranslatorFactory
2020-11-05 11:08:23.251  INFO 10388 --- [main] o.s.s.concurrent.ThreadPoolTaskExecutor  : Initializing ExecutorService 'applicationTaskExecutor'
2020-11-05 11:08:23.343  WARN 10388 --- [main] aWebConfiguration$JpaWebMvcConfiguration : spring.jpa.open-in-view is enabled by default. Therefore, database queries may be performed during view rendering. Explicitly configure spring.jpa.open-in-view to disable this warning
2020-11-05 11:08:24.070  INFO 10388 --- [main] tn.esprit.spring.ContratTest             : Started ContratTest in 9.263 seconds (JVM running for 10.37)
2020-11-05 11:08:24.235  INFO 10388 --- [main] t.e.spring.services.EmployeServiceImpl   : in function affecterContratAEmploye
2020-11-05 11:08:24.948  INFO 10388 --- [main] t.e.spring.services.EmployeServiceImpl   : out of affecterContratAEmploye
2020-11-05 11:08:24.956  INFO 10388 --- [main] t.e.spring.services.EmployeServiceImpl   : in function ajouterContrat
2020-11-05 11:08:24.971  INFO 10388 --- [main] t.e.spring.services.EmployeServiceImpl   : out of ajouterContrat
2020-11-05 11:08:25.005  INFO 10388 --- [Thread-2] o.s.s.concurrent.ThreadPoolTaskExecutor  : Shutting down ExecutorService 'applicationTaskExecutor'
2020-11-05 11:08:25.013  INFO 10388 --- [Thread-2] j.LocalContainerEntityManagerFactoryBean : Closing JPA EntityManagerFactory for persistence unit 'default'
2020-11-05 11:08:25.021  INFO 10388 --- [Thread-2] com.zaxxer.hikari.HikariDataSource       : HikariPool-1 - Shutdown initiated...
2020-11-05 11:08:25.032  INFO 10388 --- [Thread-2] com.zaxxer.hikari.HikariDataSource       : HikariPool-1 - Shutdown completed.
2020-11-05 11:09:34.336  INFO 10016 --- [main] tn.esprit.spring.ContratTest             : Starting ContratTest on DESKTOP-M6N7GPT with PID 10016 (started by HP in C:\Users\HP\Desktop\wizybizy\integration_continue)
2020-11-05 11:09:34.336  INFO 10016 --- [main] tn.esprit.spring.ContratTest             : No active profile set, falling back to default profiles: default
2020-11-05 11:09:35.765  INFO 10016 --- [main] .s.d.r.c.RepositoryConfigurationDelegate : Bootstrapping Spring Data repositories in DEFAULT mode.
2020-11-05 11:09:35.924  INFO 10016 --- [main] .s.d.r.c.RepositoryConfigurationDelegate : Finished Spring Data repository scanning in 143ms. Found 6 repository interfaces.
2020-11-05 11:09:36.530  INFO 10016 --- [main] trationDelegate$BeanPostProcessorChecker : Bean 'org.springframework.transaction.annotation.ProxyTransactionManagementConfiguration' of type [org.springframework.transaction.annotation.ProxyTransactionManagementConfiguration$$EnhancerBySpringCGLIB$$5e32af14] is not eligible for getting processed by all BeanPostProcessors (for example: not eligible for auto-proxying)
2020-11-05 11:09:36.856  INFO 10016 --- [main] com.zaxxer.hikari.HikariDataSource       : HikariPool-1 - Starting...
2020-11-05 11:09:37.036  INFO 10016 --- [main] com.zaxxer.hikari.HikariDataSource       : HikariPool-1 - Start completed.
2020-11-05 11:09:37.121  INFO 10016 --- [main] o.hibernate.jpa.internal.util.LogHelper  : HHH000204: Processing PersistenceUnitInfo [
	name: default
	...]
2020-11-05 11:09:37.296  INFO 10016 --- [main] org.hibernate.Version                    : HHH000412: Hibernate Core {5.3.9.Final}
2020-11-05 11:09:37.296  INFO 10016 --- [main] org.hibernate.cfg.Environment            : HHH000206: hibernate.properties not found
2020-11-05 11:09:37.466  INFO 10016 --- [main] o.hibernate.annotations.common.Version   : HCANN000001: Hibernate Commons Annotations {5.0.4.Final}
2020-11-05 11:09:37.886  INFO 10016 --- [main] org.hibernate.dialect.Dialect            : HHH000400: Using dialect: org.hibernate.dialect.MySQL5Dialect
2020-11-05 11:09:40.657  INFO 10016 --- [main] j.LocalContainerEntityManagerFactoryBean : Initialized JPA EntityManagerFactory for persistence unit 'default'
2020-11-05 11:09:41.140  INFO 10016 --- [main] o.h.h.i.QueryTranslatorFactoryInitiator  : HHH000397: Using ASTQueryTranslatorFactory
2020-11-05 11:09:42.840  INFO 10016 --- [main] o.s.s.concurrent.ThreadPoolTaskExecutor  : Initializing ExecutorService 'applicationTaskExecutor'
2020-11-05 11:09:42.969  WARN 10016 --- [main] aWebConfiguration$JpaWebMvcConfiguration : spring.jpa.open-in-view is enabled by default. Therefore, database queries may be performed during view rendering. Explicitly configure spring.jpa.open-in-view to disable this warning
2020-11-05 11:09:43.816  INFO 10016 --- [main] tn.esprit.spring.ContratTest             : Started ContratTest in 9.916 seconds (JVM running for 11.23)
2020-11-05 11:09:44.133  INFO 10016 --- [main] t.e.spring.services.EmployeServiceImpl   : in function deleteContratById
2020-11-05 11:09:44.295  INFO 10016 --- [main] t.e.spring.services.EmployeServiceImpl   : in function affecterContratAEmploye
2020-11-05 11:09:44.599  INFO 10016 --- [main] t.e.spring.services.EmployeServiceImpl   : out of affecterContratAEmploye
2020-11-05 11:09:44.605  INFO 10016 --- [main] t.e.spring.services.EmployeServiceImpl   : in function ajouterContrat
2020-11-05 11:09:44.629  INFO 10016 --- [main] t.e.spring.services.EmployeServiceImpl   : out of ajouterContrat
2020-11-05 11:09:44.653  INFO 10016 --- [Thread-2] o.s.s.concurrent.ThreadPoolTaskExecutor  : Shutting down ExecutorService 'applicationTaskExecutor'
2020-11-05 11:09:44.658  INFO 10016 --- [Thread-2] j.LocalContainerEntityManagerFactoryBean : Closing JPA EntityManagerFactory for persistence unit 'default'
2020-11-05 11:09:44.661  INFO 10016 --- [Thread-2] com.zaxxer.hikari.HikariDataSource       : HikariPool-1 - Shutdown initiated...
2020-11-05 11:09:44.684  INFO 10016 --- [Thread-2] com.zaxxer.hikari.HikariDataSource       : HikariPool-1 - Shutdown completed.
2020-11-05 11:10:23.320  INFO 12828 --- [main] tn.esprit.spring.ContratTest             : Starting ContratTest on DESKTOP-M6N7GPT with PID 12828 (started by HP in C:\Users\HP\Desktop\wizybizy\integration_continue)
2020-11-05 11:10:23.322  INFO 12828 --- [main] tn.esprit.spring.ContratTest             : No active profile set, falling back to default profiles: default
2020-11-05 11:10:24.383  INFO 12828 --- [main] .s.d.r.c.RepositoryConfigurationDelegate : Bootstrapping Spring Data repositories in DEFAULT mode.
2020-11-05 11:10:24.540  INFO 12828 --- [main] .s.d.r.c.RepositoryConfigurationDelegate : Finished Spring Data repository scanning in 135ms. Found 6 repository interfaces.
2020-11-05 11:10:25.165  INFO 12828 --- [main] trationDelegate$BeanPostProcessorChecker : Bean 'org.springframework.transaction.annotation.ProxyTransactionManagementConfiguration' of type [org.springframework.transaction.annotation.ProxyTransactionManagementConfiguration$$EnhancerBySpringCGLIB$$b9f9896] is not eligible for getting processed by all BeanPostProcessors (for example: not eligible for auto-proxying)
2020-11-05 11:10:25.520  INFO 12828 --- [main] com.zaxxer.hikari.HikariDataSource       : HikariPool-1 - Starting...
2020-11-05 11:10:25.770  INFO 12828 --- [main] com.zaxxer.hikari.HikariDataSource       : HikariPool-1 - Start completed.
2020-11-05 11:10:25.965  INFO 12828 --- [main] o.hibernate.jpa.internal.util.LogHelper  : HHH000204: Processing PersistenceUnitInfo [
	name: default
	...]
2020-11-05 11:10:26.090  INFO 12828 --- [main] org.hibernate.Version                    : HHH000412: Hibernate Core {5.3.9.Final}
2020-11-05 11:10:26.096  INFO 12828 --- [main] org.hibernate.cfg.Environment            : HHH000206: hibernate.properties not found
2020-11-05 11:10:26.286  INFO 12828 --- [main] o.hibernate.annotations.common.Version   : HCANN000001: Hibernate Commons Annotations {5.0.4.Final}
2020-11-05 11:10:26.678  INFO 12828 --- [main] org.hibernate.dialect.Dialect            : HHH000400: Using dialect: org.hibernate.dialect.MySQL5Dialect
2020-11-05 11:10:29.116  INFO 12828 --- [main] j.LocalContainerEntityManagerFactoryBean : Initialized JPA EntityManagerFactory for persistence unit 'default'
2020-11-05 11:10:29.630  INFO 12828 --- [main] o.h.h.i.QueryTranslatorFactoryInitiator  : HHH000397: Using ASTQueryTranslatorFactory
2020-11-05 11:10:31.048  INFO 12828 --- [main] o.s.s.concurrent.ThreadPoolTaskExecutor  : Initializing ExecutorService 'applicationTaskExecutor'
2020-11-05 11:10:31.129  WARN 12828 --- [main] aWebConfiguration$JpaWebMvcConfiguration : spring.jpa.open-in-view is enabled by default. Therefore, database queries may be performed during view rendering. Explicitly configure spring.jpa.open-in-view to disable this warning
2020-11-05 11:10:31.929  INFO 12828 --- [main] tn.esprit.spring.ContratTest             : Started ContratTest in 9.047 seconds (JVM running for 10.034)
2020-11-05 11:10:32.053  INFO 12828 --- [main] t.e.spring.services.EmployeServiceImpl   : in function deleteContratById
2020-11-05 11:10:32.267  INFO 12828 --- [main] t.e.spring.services.EmployeServiceImpl   : out of deleteContratById
2020-11-05 11:10:32.275  INFO 12828 --- [main] t.e.spring.services.EmployeServiceImpl   : in function affecterContratAEmploye
2020-11-05 11:10:32.341  INFO 12828 --- [main] t.e.spring.services.EmployeServiceImpl   : out of affecterContratAEmploye
2020-11-05 11:10:32.345  INFO 12828 --- [main] t.e.spring.services.EmployeServiceImpl   : in function ajouterContrat
2020-11-05 11:10:32.362  INFO 12828 --- [main] t.e.spring.services.EmployeServiceImpl   : out of ajouterContrat
2020-11-05 11:10:32.380  INFO 12828 --- [Thread-2] o.s.s.concurrent.ThreadPoolTaskExecutor  : Shutting down ExecutorService 'applicationTaskExecutor'
2020-11-05 11:10:32.388  INFO 12828 --- [Thread-2] j.LocalContainerEntityManagerFactoryBean : Closing JPA EntityManagerFactory for persistence unit 'default'
2020-11-05 11:10:32.395  INFO 12828 --- [Thread-2] com.zaxxer.hikari.HikariDataSource       : HikariPool-1 - Shutdown initiated...
2020-11-05 11:10:32.405  INFO 12828 --- [Thread-2] com.zaxxer.hikari.HikariDataSource       : HikariPool-1 - Shutdown completed.
